<?xml version="1.0" encoding="UTF-8"?>
<!-- Generated by org.testng.reporters.JUnitReportReporter -->
<testsuite hostname="HtcGanesh-PC" failures="0" tests="1" name="jenkins2.test2" time="124.739" errors="0" timestamp="2022-01-21T16:11:03 IST" skipped="0">
  <testcase classname="jenkins2.test2" name="chrome" time="124.739"/>
  <system-out/>
</testsuite> <!-- jenkins2.test2 -->
